{"/secondary-hdd/Proyectos2/Programacion/Backend/rest-api/app.js": {"path":"/secondary-hdd/Proyectos2/Programacion/Backend/rest-api/app.js","statementMap":{"0":{"start":{"line":1,"column":16},"end":{"line":1,"column":34}},"1":{"start":{"line":2,"column":13},"end":{"line":2,"column":28}},"2":{"start":{"line":3,"column":12},"end":{"line":3,"column":21}},"3":{"start":{"line":4,"column":19},"end":{"line":4,"column":41}},"4":{"start":{"line":5,"column":15},"end":{"line":5,"column":32}},"5":{"start":{"line":6,"column":22},"end":{"line":6,"column":47}},"6":{"start":{"line":7,"column":25},"end":{"line":7,"column":56}},"7":{"start":{"line":8,"column":25},"end":{"line":8,"column":50}},"8":{"start":{"line":9,"column":18},"end":{"line":9,"column":47}},"9":{"start":{"line":10,"column":20},"end":{"line":10,"column":45}},"10":{"start":{"line":13,"column":18},"end":{"line":13,"column":39}},"11":{"start":{"line":14,"column":17},"end":{"line":14,"column":46}},"12":{"start":{"line":16,"column":0},"end":{"line":16,"column":16}},"13":{"start":{"line":17,"column":0},"end":{"line":17,"column":55}},"14":{"start":{"line":19,"column":0},"end":{"line":19,"column":16}},"15":{"start":{"line":20,"column":0},"end":{"line":20,"column":24}},"16":{"start":{"line":21,"column":0},"end":{"line":21,"column":35}},"17":{"start":{"line":24,"column":0},"end":{"line":24,"column":149}},"18":{"start":{"line":24,"column":84},"end":{"line":24,"column":111}},"19":{"start":{"line":27,"column":13},"end":{"line":27,"column":37}},"20":{"start":{"line":30,"column":0},"end":{"line":30,"column":68}},"21":{"start":{"line":33,"column":0},"end":{"line":33,"column":40}},"22":{"start":{"line":35,"column":0},"end":{"line":39,"column":1}},"23":{"start":{"line":36,"column":4},"end":{"line":38,"column":7}},"24":{"start":{"line":37,"column":8},"end":{"line":37,"column":57}},"25":{"start":{"line":41,"column":0},"end":{"line":41,"column":21}}},"fnMap":{"0":{"name":"(anonymous_0)","decl":{"start":{"line":24,"column":62},"end":{"line":24,"column":63}},"loc":{"start":{"line":24,"column":82},"end":{"line":24,"column":113}},"line":24},"1":{"name":"(anonymous_1)","decl":{"start":{"line":36,"column":21},"end":{"line":36,"column":22}},"loc":{"start":{"line":36,"column":27},"end":{"line":38,"column":5}},"line":36}},"branchMap":{"0":{"loc":{"start":{"line":14,"column":17},"end":{"line":14,"column":46}},"type":"binary-expr","locations":[{"start":{"line":14,"column":17},"end":{"line":14,"column":37}},{"start":{"line":14,"column":41},"end":{"line":14,"column":46}}],"line":14},"1":{"loc":{"start":{"line":17,"column":0},"end":{"line":17,"column":54}},"type":"cond-expr","locations":[{"start":{"line":17,"column":26},"end":{"line":17,"column":37}},{"start":{"line":17,"column":40},"end":{"line":17,"column":54}}],"line":17},"2":{"loc":{"start":{"line":27,"column":13},"end":{"line":27,"column":37}},"type":"binary-expr","locations":[{"start":{"line":27,"column":13},"end":{"line":27,"column":29}},{"start":{"line":27,"column":33},"end":{"line":27,"column":37}}],"line":27},"3":{"loc":{"start":{"line":35,"column":0},"end":{"line":39,"column":1}},"type":"if","locations":[{"start":{"line":35,"column":0},"end":{"line":39,"column":1}},{"start":{},"end":{}}],"line":35}},"s":{"0":3,"1":3,"2":3,"3":3,"4":3,"5":3,"6":3,"7":3,"8":3,"9":3,"10":3,"11":3,"12":3,"13":3,"14":3,"15":3,"16":3,"17":3,"18":32,"19":3,"20":3,"21":3,"22":3,"23":0,"24":0,"25":3},"f":{"0":32,"1":0},"b":{"0":[3,0],"1":[3,0],"2":[3,0],"3":[0,3]},"_coverageSchema":"1a1c01bbd47fc00a2c39e90264f33305004495a9","hash":"640a466d733003af78dccffb04fd42ad9e944a7f"}
,"/secondary-hdd/Proyectos2/Programacion/Backend/rest-api/config/mongo.js": {"path":"/secondary-hdd/Proyectos2/Programacion/Backend/rest-api/config/mongo.js","statementMap":{"0":{"start":{"line":1,"column":17},"end":{"line":1,"column":36}},"1":{"start":{"line":3,"column":17},"end":{"line":3,"column":37}},"2":{"start":{"line":5,"column":18},"end":{"line":12,"column":1}},"3":{"start":{"line":6,"column":4},"end":{"line":11,"column":5}},"4":{"start":{"line":7,"column":8},"end":{"line":7,"column":99}},"5":{"start":{"line":8,"column":8},"end":{"line":8,"column":41}},"6":{"start":{"line":10,"column":8},"end":{"line":10,"column":23}},"7":{"start":{"line":14,"column":0},"end":{"line":14,"column":29}}},"fnMap":{"0":{"name":"(anonymous_0)","decl":{"start":{"line":5,"column":18},"end":{"line":5,"column":19}},"loc":{"start":{"line":5,"column":30},"end":{"line":12,"column":1}},"line":5}},"branchMap":{"0":{"loc":{"start":{"line":7,"column":31},"end":{"line":7,"column":97}},"type":"cond-expr","locations":[{"start":{"line":7,"column":53},"end":{"line":7,"column":76}},{"start":{"line":7,"column":79},"end":{"line":7,"column":97}}],"line":7}},"s":{"0":3,"1":3,"2":3,"3":3,"4":3,"5":3,"6":0,"7":3},"f":{"0":3},"b":{"0":[3,0]},"_coverageSchema":"1a1c01bbd47fc00a2c39e90264f33305004495a9","hash":"7e6c92af3cf1c5d04c6b45c6f27711fbe9a06dd3"}
,"/secondary-hdd/Proyectos2/Programacion/Backend/rest-api/config/mysql.js": {"path":"/secondary-hdd/Proyectos2/Programacion/Backend/rest-api/config/mysql.js","statementMap":{"0":{"start":{"line":1,"column":22},"end":{"line":1,"column":42}},"1":{"start":{"line":2,"column":17},"end":{"line":2,"column":37}},"2":{"start":{"line":4,"column":17},"end":{"line":4,"column":87}},"3":{"start":{"line":5,"column":17},"end":{"line":5,"column":36}},"4":{"start":{"line":6,"column":17},"end":{"line":6,"column":40}},"5":{"start":{"line":7,"column":13},"end":{"line":7,"column":32}},"6":{"start":{"line":9,"column":18},"end":{"line":12,"column":4}},"7":{"start":{"line":14,"column":23},"end":{"line":21,"column":3}},"8":{"start":{"line":15,"column":6},"end":{"line":20,"column":7}},"9":{"start":{"line":16,"column":10},"end":{"line":16,"column":41}},"10":{"start":{"line":17,"column":10},"end":{"line":17,"column":71}},"11":{"start":{"line":19,"column":10},"end":{"line":19,"column":28}},"12":{"start":{"line":23,"column":2},"end":{"line":26,"column":3}}},"fnMap":{"0":{"name":"(anonymous_0)","decl":{"start":{"line":14,"column":23},"end":{"line":14,"column":24}},"loc":{"start":{"line":14,"column":35},"end":{"line":21,"column":3}},"line":14}},"branchMap":{"0":{"loc":{"start":{"line":4,"column":17},"end":{"line":4,"column":87}},"type":"cond-expr","locations":[{"start":{"line":4,"column":41},"end":{"line":4,"column":65}},{"start":{"line":4,"column":68},"end":{"line":4,"column":87}}],"line":4}},"s":{"0":3,"1":3,"2":3,"3":3,"4":3,"5":3,"6":3,"7":3,"8":0,"9":0,"10":0,"11":0,"12":3},"f":{"0":0},"b":{"0":[3,0]},"_coverageSchema":"1a1c01bbd47fc00a2c39e90264f33305004495a9","hash":"b258c82c4972deeb507c6225f06d9c5105f464fa"}
,"/secondary-hdd/Proyectos2/Programacion/Backend/rest-api/controllers/auth.controller.js": {"path":"/secondary-hdd/Proyectos2/Programacion/Backend/rest-api/controllers/auth.controller.js","statementMap":{"0":{"start":{"line":1,"column":24},"end":{"line":1,"column":52}},"1":{"start":{"line":2,"column":45},"end":{"line":2,"column":79}},"2":{"start":{"line":3,"column":22},"end":{"line":3,"column":42}},"3":{"start":{"line":4,"column":24},"end":{"line":4,"column":53}},"4":{"start":{"line":5,"column":28},"end":{"line":5,"column":59}},"5":{"start":{"line":13,"column":27},"end":{"line":30,"column":1}},"6":{"start":{"line":14,"column":4},"end":{"line":29,"column":5}},"7":{"start":{"line":15,"column":8},"end":{"line":15,"column":31}},"8":{"start":{"line":16,"column":25},"end":{"line":16,"column":60}},"9":{"start":{"line":17,"column":21},"end":{"line":17,"column":41}},"10":{"start":{"line":18,"column":25},"end":{"line":18,"column":53}},"11":{"start":{"line":19,"column":8},"end":{"line":19,"column":63}},"12":{"start":{"line":20,"column":21},"end":{"line":23,"column":9}},"13":{"start":{"line":24,"column":8},"end":{"line":24,"column":23}},"14":{"start":{"line":25,"column":8},"end":{"line":25,"column":26}},"15":{"start":{"line":27,"column":8},"end":{"line":27,"column":26}},"16":{"start":{"line":28,"column":8},"end":{"line":28,"column":49}},"17":{"start":{"line":32,"column":24},"end":{"line":62,"column":1}},"18":{"start":{"line":33,"column":4},"end":{"line":61,"column":5}},"19":{"start":{"line":34,"column":8},"end":{"line":34,"column":31}},"20":{"start":{"line":35,"column":21},"end":{"line":35,"column":66}},"21":{"start":{"line":36,"column":8},"end":{"line":39,"column":9}},"22":{"start":{"line":37,"column":12},"end":{"line":37,"column":56}},"23":{"start":{"line":38,"column":12},"end":{"line":38,"column":19}},"24":{"start":{"line":41,"column":29},"end":{"line":41,"column":42}},"25":{"start":{"line":42,"column":22},"end":{"line":42,"column":71}},"26":{"start":{"line":43,"column":8},"end":{"line":46,"column":9}},"27":{"start":{"line":44,"column":12},"end":{"line":44,"column":58}},"28":{"start":{"line":45,"column":12},"end":{"line":45,"column":19}},"29":{"start":{"line":48,"column":8},"end":{"line":48,"column":59}},"30":{"start":{"line":50,"column":21},"end":{"line":53,"column":9}},"31":{"start":{"line":55,"column":8},"end":{"line":55,"column":23}},"32":{"start":{"line":56,"column":8},"end":{"line":56,"column":26}},"33":{"start":{"line":59,"column":8},"end":{"line":59,"column":37}},"34":{"start":{"line":60,"column":8},"end":{"line":60,"column":46}},"35":{"start":{"line":65,"column":0},"end":{"line":65,"column":56}}},"fnMap":{"0":{"name":"(anonymous_0)","decl":{"start":{"line":13,"column":27},"end":{"line":13,"column":28}},"loc":{"start":{"line":13,"column":47},"end":{"line":30,"column":1}},"line":13},"1":{"name":"(anonymous_1)","decl":{"start":{"line":32,"column":24},"end":{"line":32,"column":25}},"loc":{"start":{"line":32,"column":44},"end":{"line":62,"column":1}},"line":32}},"branchMap":{"0":{"loc":{"start":{"line":36,"column":8},"end":{"line":39,"column":9}},"type":"if","locations":[{"start":{"line":36,"column":8},"end":{"line":39,"column":9}},{"start":{},"end":{}}],"line":36},"1":{"loc":{"start":{"line":43,"column":8},"end":{"line":46,"column":9}},"type":"if","locations":[{"start":{"line":43,"column":8},"end":{"line":46,"column":9}},{"start":{},"end":{}}],"line":43}},"s":{"0":3,"1":3,"2":3,"3":3,"4":3,"5":3,"6":1,"7":1,"8":1,"9":1,"10":1,"11":1,"12":1,"13":1,"14":1,"15":0,"16":0,"17":3,"18":3,"19":3,"20":3,"21":3,"22":1,"23":1,"24":2,"25":2,"26":2,"27":1,"28":1,"29":1,"30":1,"31":1,"32":1,"33":0,"34":0,"35":3},"f":{"0":1,"1":3},"b":{"0":[1,2],"1":[1,1]},"_coverageSchema":"1a1c01bbd47fc00a2c39e90264f33305004495a9","hash":"f3dac9b87b42e72a86dfb88cd89f8323c527e57c"}
,"/secondary-hdd/Proyectos2/Programacion/Backend/rest-api/controllers/storage.controller.js": {"path":"/secondary-hdd/Proyectos2/Programacion/Backend/rest-api/controllers/storage.controller.js","statementMap":{"0":{"start":{"line":1,"column":26},"end":{"line":1,"column":46}},"1":{"start":{"line":2,"column":28},"end":{"line":2,"column":59}},"2":{"start":{"line":3,"column":11},"end":{"line":3,"column":24}},"3":{"start":{"line":5,"column":19},"end":{"line":5,"column":41}},"4":{"start":{"line":6,"column":19},"end":{"line":6,"column":44}},"5":{"start":{"line":8,"column":17},"end":{"line":16,"column":1}},"6":{"start":{"line":9,"column":4},"end":{"line":15,"column":5}},"7":{"start":{"line":10,"column":21},"end":{"line":10,"column":54}},"8":{"start":{"line":11,"column":8},"end":{"line":11,"column":26}},"9":{"start":{"line":13,"column":8},"end":{"line":13,"column":26}},"10":{"start":{"line":14,"column":8},"end":{"line":14,"column":54}},"11":{"start":{"line":18,"column":16},"end":{"line":27,"column":1}},"12":{"start":{"line":19,"column":4},"end":{"line":26,"column":5}},"13":{"start":{"line":20,"column":23},"end":{"line":20,"column":33}},"14":{"start":{"line":21,"column":21},"end":{"line":21,"column":56}},"15":{"start":{"line":22,"column":8},"end":{"line":22,"column":26}},"16":{"start":{"line":24,"column":8},"end":{"line":24,"column":26}},"17":{"start":{"line":25,"column":8},"end":{"line":25,"column":54}},"18":{"start":{"line":29,"column":19},"end":{"line":43,"column":1}},"19":{"start":{"line":30,"column":4},"end":{"line":42,"column":5}},"20":{"start":{"line":31,"column":25},"end":{"line":31,"column":28}},"21":{"start":{"line":32,"column":25},"end":{"line":35,"column":9}},"22":{"start":{"line":36,"column":21},"end":{"line":36,"column":57}},"23":{"start":{"line":37,"column":8},"end":{"line":37,"column":24}},"24":{"start":{"line":38,"column":8},"end":{"line":38,"column":26}},"25":{"start":{"line":40,"column":8},"end":{"line":40,"column":26}},"26":{"start":{"line":41,"column":8},"end":{"line":41,"column":55}},"27":{"start":{"line":45,"column":19},"end":{"line":47,"column":1}},"28":{"start":{"line":49,"column":19},"end":{"line":79,"column":1}},"29":{"start":{"line":50,"column":4},"end":{"line":78,"column":5}},"30":{"start":{"line":51,"column":23},"end":{"line":51,"column":33}},"31":{"start":{"line":54,"column":21},"end":{"line":54,"column":56}},"32":{"start":{"line":56,"column":8},"end":{"line":58,"column":9}},"33":{"start":{"line":57,"column":12},"end":{"line":57,"column":63}},"34":{"start":{"line":61,"column":25},"end":{"line":61,"column":57}},"35":{"start":{"line":62,"column":8},"end":{"line":62,"column":32}},"36":{"start":{"line":63,"column":8},"end":{"line":63,"column":30}},"37":{"start":{"line":65,"column":8},"end":{"line":65,"column":46}},"38":{"start":{"line":70,"column":8},"end":{"line":73,"column":11}},"39":{"start":{"line":76,"column":8},"end":{"line":76,"column":27}},"40":{"start":{"line":77,"column":8},"end":{"line":77,"column":55}},"41":{"start":{"line":81,"column":0},"end":{"line":87,"column":1}}},"fnMap":{"0":{"name":"(anonymous_0)","decl":{"start":{"line":8,"column":17},"end":{"line":8,"column":18}},"loc":{"start":{"line":8,"column":37},"end":{"line":16,"column":1}},"line":8},"1":{"name":"(anonymous_1)","decl":{"start":{"line":18,"column":16},"end":{"line":18,"column":17}},"loc":{"start":{"line":18,"column":36},"end":{"line":27,"column":1}},"line":18},"2":{"name":"(anonymous_2)","decl":{"start":{"line":29,"column":19},"end":{"line":29,"column":20}},"loc":{"start":{"line":29,"column":39},"end":{"line":43,"column":1}},"line":29},"3":{"name":"(anonymous_3)","decl":{"start":{"line":45,"column":19},"end":{"line":45,"column":20}},"loc":{"start":{"line":45,"column":39},"end":{"line":47,"column":1}},"line":45},"4":{"name":"(anonymous_4)","decl":{"start":{"line":49,"column":19},"end":{"line":49,"column":20}},"loc":{"start":{"line":49,"column":39},"end":{"line":79,"column":1}},"line":49}},"branchMap":{"0":{"loc":{"start":{"line":56,"column":8},"end":{"line":58,"column":9}},"type":"if","locations":[{"start":{"line":56,"column":8},"end":{"line":58,"column":9}},{"start":{},"end":{}}],"line":56}},"s":{"0":3,"1":3,"2":3,"3":3,"4":3,"5":3,"6":1,"7":1,"8":1,"9":0,"10":0,"11":3,"12":1,"13":1,"14":1,"15":1,"16":0,"17":0,"18":3,"19":1,"20":1,"21":1,"22":1,"23":1,"24":1,"25":0,"26":0,"27":3,"28":3,"29":1,"30":1,"31":1,"32":1,"33":0,"34":1,"35":1,"36":1,"37":1,"38":1,"39":0,"40":0,"41":3},"f":{"0":1,"1":1,"2":1,"3":0,"4":1},"b":{"0":[0,1]},"_coverageSchema":"1a1c01bbd47fc00a2c39e90264f33305004495a9","hash":"7aee68049e7369b38509cbed920ed3ca2ff4d4b2"}
,"/secondary-hdd/Proyectos2/Programacion/Backend/rest-api/controllers/tracks.controller.js": {"path":"/secondary-hdd/Proyectos2/Programacion/Backend/rest-api/controllers/tracks.controller.js","statementMap":{"0":{"start":{"line":1,"column":24},"end":{"line":1,"column":52}},"1":{"start":{"line":2,"column":24},"end":{"line":2,"column":44}},"2":{"start":{"line":3,"column":28},"end":{"line":3,"column":59}},"3":{"start":{"line":4,"column":18},"end":{"line":4,"column":39}},"4":{"start":{"line":6,"column":17},"end":{"line":15,"column":1}},"5":{"start":{"line":7,"column":17},"end":{"line":7,"column":25}},"6":{"start":{"line":8,"column":4},"end":{"line":14,"column":5}},"7":{"start":{"line":9,"column":21},"end":{"line":9,"column":52}},"8":{"start":{"line":10,"column":8},"end":{"line":10,"column":32}},"9":{"start":{"line":12,"column":8},"end":{"line":12,"column":27}},"10":{"start":{"line":13,"column":8},"end":{"line":13,"column":54}},"11":{"start":{"line":17,"column":16},"end":{"line":28,"column":1}},"12":{"start":{"line":18,"column":4},"end":{"line":27,"column":5}},"13":{"start":{"line":19,"column":8},"end":{"line":19,"column":31}},"14":{"start":{"line":20,"column":23},"end":{"line":20,"column":26}},"15":{"start":{"line":21,"column":21},"end":{"line":21,"column":54}},"16":{"start":{"line":22,"column":8},"end":{"line":22,"column":26}},"17":{"start":{"line":25,"column":8},"end":{"line":25,"column":27}},"18":{"start":{"line":26,"column":8},"end":{"line":26,"column":54}},"19":{"start":{"line":30,"column":19},"end":{"line":42,"column":1}},"20":{"start":{"line":31,"column":4},"end":{"line":31,"column":33}},"21":{"start":{"line":32,"column":4},"end":{"line":41,"column":5}},"22":{"start":{"line":33,"column":21},"end":{"line":33,"column":37}},"23":{"start":{"line":35,"column":21},"end":{"line":35,"column":51}},"24":{"start":{"line":36,"column":8},"end":{"line":36,"column":34}},"25":{"start":{"line":37,"column":8},"end":{"line":37,"column":26}},"26":{"start":{"line":39,"column":8},"end":{"line":39,"column":27}},"27":{"start":{"line":40,"column":8},"end":{"line":40,"column":55}},"28":{"start":{"line":44,"column":19},"end":{"line":59,"column":1}},"29":{"start":{"line":45,"column":4},"end":{"line":58,"column":5}},"30":{"start":{"line":46,"column":30},"end":{"line":46,"column":46}},"31":{"start":{"line":47,"column":22},"end":{"line":47,"column":55}},"32":{"start":{"line":48,"column":8},"end":{"line":50,"column":9}},"33":{"start":{"line":49,"column":12},"end":{"line":49,"column":64}},"34":{"start":{"line":51,"column":21},"end":{"line":51,"column":62}},"35":{"start":{"line":53,"column":8},"end":{"line":53,"column":25}},"36":{"start":{"line":54,"column":8},"end":{"line":54,"column":24}},"37":{"start":{"line":56,"column":8},"end":{"line":56,"column":27}},"38":{"start":{"line":57,"column":8},"end":{"line":57,"column":55}},"39":{"start":{"line":89,"column":19},"end":{"line":105,"column":1}},"40":{"start":{"line":90,"column":4},"end":{"line":104,"column":5}},"41":{"start":{"line":91,"column":23},"end":{"line":91,"column":39}},"42":{"start":{"line":94,"column":22},"end":{"line":94,"column":55}},"43":{"start":{"line":95,"column":8},"end":{"line":97,"column":9}},"44":{"start":{"line":96,"column":12},"end":{"line":96,"column":64}},"45":{"start":{"line":98,"column":8},"end":{"line":98,"column":44}},"46":{"start":{"line":100,"column":8},"end":{"line":100,"column":34}},"47":{"start":{"line":102,"column":8},"end":{"line":102,"column":27}},"48":{"start":{"line":103,"column":8},"end":{"line":103,"column":56}},"49":{"start":{"line":107,"column":0},"end":{"line":113,"column":1}}},"fnMap":{"0":{"name":"(anonymous_0)","decl":{"start":{"line":6,"column":17},"end":{"line":6,"column":18}},"loc":{"start":{"line":6,"column":37},"end":{"line":15,"column":1}},"line":6},"1":{"name":"(anonymous_1)","decl":{"start":{"line":17,"column":16},"end":{"line":17,"column":17}},"loc":{"start":{"line":17,"column":36},"end":{"line":28,"column":1}},"line":17},"2":{"name":"(anonymous_2)","decl":{"start":{"line":30,"column":19},"end":{"line":30,"column":20}},"loc":{"start":{"line":30,"column":39},"end":{"line":42,"column":1}},"line":30},"3":{"name":"(anonymous_3)","decl":{"start":{"line":44,"column":19},"end":{"line":44,"column":20}},"loc":{"start":{"line":44,"column":39},"end":{"line":59,"column":1}},"line":44},"4":{"name":"(anonymous_4)","decl":{"start":{"line":89,"column":19},"end":{"line":89,"column":20}},"loc":{"start":{"line":89,"column":39},"end":{"line":105,"column":1}},"line":89}},"branchMap":{"0":{"loc":{"start":{"line":48,"column":8},"end":{"line":50,"column":9}},"type":"if","locations":[{"start":{"line":48,"column":8},"end":{"line":50,"column":9}},{"start":{},"end":{}}],"line":48},"1":{"loc":{"start":{"line":95,"column":8},"end":{"line":97,"column":9}},"type":"if","locations":[{"start":{"line":95,"column":8},"end":{"line":97,"column":9}},{"start":{},"end":{}}],"line":95}},"s":{"0":3,"1":3,"2":3,"3":3,"4":3,"5":0,"6":0,"7":0,"8":0,"9":0,"10":0,"11":3,"12":0,"13":0,"14":0,"15":0,"16":0,"17":0,"18":0,"19":3,"20":0,"21":0,"22":0,"23":0,"24":0,"25":0,"26":0,"27":0,"28":3,"29":0,"30":0,"31":0,"32":0,"33":0,"34":0,"35":0,"36":0,"37":0,"38":0,"39":3,"40":0,"41":0,"42":0,"43":0,"44":0,"45":0,"46":0,"47":0,"48":0,"49":3},"f":{"0":0,"1":0,"2":0,"3":0,"4":0},"b":{"0":[0,0],"1":[0,0]},"_coverageSchema":"1a1c01bbd47fc00a2c39e90264f33305004495a9","hash":"74777ac5b25546378088c788324ea4e7e3171dd2"}
,"/secondary-hdd/Proyectos2/Programacion/Backend/rest-api/docs/swagger.js": {"path":"/secondary-hdd/Proyectos2/Programacion/Backend/rest-api/docs/swagger.js","statementMap":{"0":{"start":{"line":1,"column":21},"end":{"line":1,"column":45}},"1":{"start":{"line":3,"column":16},"end":{"line":82,"column":1}},"2":{"start":{"line":84,"column":20},"end":{"line":84,"column":41}},"3":{"start":{"line":86,"column":0},"end":{"line":86,"column":28}}},"fnMap":{},"branchMap":{},"s":{"0":3,"1":3,"2":3,"3":3},"f":{},"b":{},"_coverageSchema":"1a1c01bbd47fc00a2c39e90264f33305004495a9","hash":"2b08dcbe7965bc1fd10601fe0728d9b1d702d94e"}
,"/secondary-hdd/Proyectos2/Programacion/Backend/rest-api/middleware/customHeader.js": {"path":"/secondary-hdd/Proyectos2/Programacion/Backend/rest-api/middleware/customHeader.js","statementMap":{"0":{"start":{"line":1,"column":21},"end":{"line":13,"column":1}},"1":{"start":{"line":2,"column":4},"end":{"line":12,"column":5}},"2":{"start":{"line":3,"column":23},"end":{"line":3,"column":43}},"3":{"start":{"line":4,"column":8},"end":{"line":8,"column":9}},"4":{"start":{"line":5,"column":12},"end":{"line":5,"column":19}},"5":{"start":{"line":7,"column":12},"end":{"line":7,"column":60}},"6":{"start":{"line":10,"column":8},"end":{"line":10,"column":24}},"7":{"start":{"line":11,"column":8},"end":{"line":11,"column":41}},"8":{"start":{"line":15,"column":0},"end":{"line":15,"column":31}}},"fnMap":{"0":{"name":"(anonymous_0)","decl":{"start":{"line":1,"column":21},"end":{"line":1,"column":22}},"loc":{"start":{"line":1,"column":41},"end":{"line":13,"column":1}},"line":1}},"branchMap":{"0":{"loc":{"start":{"line":4,"column":8},"end":{"line":8,"column":9}},"type":"if","locations":[{"start":{"line":4,"column":8},"end":{"line":8,"column":9}},{"start":{"line":6,"column":13},"end":{"line":8,"column":9}}],"line":4}},"s":{"0":3,"1":0,"2":0,"3":0,"4":0,"5":0,"6":0,"7":0,"8":3},"f":{"0":0},"b":{"0":[0,0]},"_coverageSchema":"1a1c01bbd47fc00a2c39e90264f33305004495a9","hash":"5b1c2433d313b12829b819e42620148f1d9576c0"}
,"/secondary-hdd/Proyectos2/Programacion/Backend/rest-api/middleware/rol.js": {"path":"/secondary-hdd/Proyectos2/Programacion/Backend/rest-api/middleware/rol.js","statementMap":{"0":{"start":{"line":1,"column":28},"end":{"line":1,"column":59}},"1":{"start":{"line":3,"column":17},"end":{"line":18,"column":1}},"2":{"start":{"line":3,"column":28},"end":{"line":18,"column":1}},"3":{"start":{"line":4,"column":4},"end":{"line":17,"column":5}},"4":{"start":{"line":5,"column":25},"end":{"line":5,"column":28}},"5":{"start":{"line":6,"column":24},"end":{"line":6,"column":33}},"6":{"start":{"line":8,"column":27},"end":{"line":8,"column":50}},"7":{"start":{"line":10,"column":8},"end":{"line":13,"column":9}},"8":{"start":{"line":11,"column":12},"end":{"line":11,"column":56}},"9":{"start":{"line":12,"column":12},"end":{"line":12,"column":19}},"10":{"start":{"line":14,"column":8},"end":{"line":14,"column":15}},"11":{"start":{"line":16,"column":8},"end":{"line":16,"column":55}},"12":{"start":{"line":19,"column":0},"end":{"line":19,"column":29}}},"fnMap":{"0":{"name":"(anonymous_0)","decl":{"start":{"line":3,"column":17},"end":{"line":3,"column":18}},"loc":{"start":{"line":3,"column":28},"end":{"line":18,"column":1}},"line":3},"1":{"name":"(anonymous_1)","decl":{"start":{"line":3,"column":28},"end":{"line":3,"column":29}},"loc":{"start":{"line":3,"column":48},"end":{"line":18,"column":1}},"line":3}},"branchMap":{"0":{"loc":{"start":{"line":10,"column":8},"end":{"line":13,"column":9}},"type":"if","locations":[{"start":{"line":10,"column":8},"end":{"line":13,"column":9}},{"start":{},"end":{}}],"line":10}},"s":{"0":3,"1":3,"2":3,"3":0,"4":0,"5":0,"6":0,"7":0,"8":0,"9":0,"10":0,"11":0,"12":3},"f":{"0":3,"1":0},"b":{"0":[0,0]},"_coverageSchema":"1a1c01bbd47fc00a2c39e90264f33305004495a9","hash":"c3a034158dc8d20db3032908296a9c05e54cf196"}
,"/secondary-hdd/Proyectos2/Programacion/Backend/rest-api/middleware/session.js": {"path":"/secondary-hdd/Proyectos2/Programacion/Backend/rest-api/middleware/session.js","statementMap":{"0":{"start":{"line":1,"column":20},"end":{"line":1,"column":38}},"1":{"start":{"line":2,"column":23},"end":{"line":2,"column":43}},"2":{"start":{"line":3,"column":28},"end":{"line":3,"column":59}},"3":{"start":{"line":4,"column":22},"end":{"line":4,"column":51}},"4":{"start":{"line":5,"column":22},"end":{"line":5,"column":64}},"5":{"start":{"line":6,"column":22},"end":{"line":6,"column":37}},"6":{"start":{"line":8,"column":24},"end":{"line":43,"column":1}},"7":{"start":{"line":9,"column":4},"end":{"line":42,"column":5}},"8":{"start":{"line":10,"column":8},"end":{"line":13,"column":9}},"9":{"start":{"line":11,"column":12},"end":{"line":11,"column":56}},"10":{"start":{"line":12,"column":12},"end":{"line":12,"column":19}},"11":{"start":{"line":15,"column":22},"end":{"line":15,"column":64}},"12":{"start":{"line":16,"column":21},"end":{"line":16,"column":37}},"13":{"start":{"line":18,"column":8},"end":{"line":21,"column":9}},"14":{"start":{"line":19,"column":12},"end":{"line":19,"column":53}},"15":{"start":{"line":20,"column":12},"end":{"line":20,"column":19}},"16":{"start":{"line":23,"column":22},"end":{"line":26,"column":9}},"17":{"start":{"line":28,"column":8},"end":{"line":28,"column":50}},"18":{"start":{"line":31,"column":10},"end":{"line":37,"column":9}},"19":{"start":{"line":32,"column":12},"end":{"line":35,"column":13}},"20":{"start":{"line":34,"column":16},"end":{"line":34,"column":45}},"21":{"start":{"line":36,"column":12},"end":{"line":36,"column":37}},"22":{"start":{"line":39,"column":8},"end":{"line":39,"column":15}},"23":{"start":{"line":41,"column":8},"end":{"line":41,"column":40}},"24":{"start":{"line":46,"column":0},"end":{"line":46,"column":35}}},"fnMap":{"0":{"name":"(anonymous_0)","decl":{"start":{"line":8,"column":24},"end":{"line":8,"column":25}},"loc":{"start":{"line":8,"column":50},"end":{"line":43,"column":1}},"line":8}},"branchMap":{"0":{"loc":{"start":{"line":10,"column":8},"end":{"line":13,"column":9}},"type":"if","locations":[{"start":{"line":10,"column":8},"end":{"line":13,"column":9}},{"start":{},"end":{}}],"line":10},"1":{"loc":{"start":{"line":18,"column":8},"end":{"line":21,"column":9}},"type":"if","locations":[{"start":{"line":18,"column":8},"end":{"line":21,"column":9}},{"start":{},"end":{}}],"line":18},"2":{"loc":{"start":{"line":31,"column":10},"end":{"line":37,"column":9}},"type":"if","locations":[{"start":{"line":31,"column":10},"end":{"line":37,"column":9}},{"start":{},"end":{}}],"line":31},"3":{"loc":{"start":{"line":31,"column":14},"end":{"line":31,"column":43}},"type":"binary-expr","locations":[{"start":{"line":31,"column":14},"end":{"line":31,"column":22}},{"start":{"line":31,"column":26},"end":{"line":31,"column":43}}],"line":31},"4":{"loc":{"start":{"line":32,"column":12},"end":{"line":35,"column":13}},"type":"if","locations":[{"start":{"line":32,"column":12},"end":{"line":35,"column":13}},{"start":{},"end":{}}],"line":32}},"s":{"0":3,"1":3,"2":3,"3":3,"4":3,"5":3,"6":3,"7":0,"8":0,"9":0,"10":0,"11":0,"12":0,"13":0,"14":0,"15":0,"16":0,"17":0,"18":0,"19":0,"20":0,"21":0,"22":0,"23":0,"24":3},"f":{"0":0},"b":{"0":[0,0],"1":[0,0],"2":[0,0],"3":[0,0],"4":[0,0]},"_coverageSchema":"1a1c01bbd47fc00a2c39e90264f33305004495a9","hash":"abde0d30721dfd37ae94321bfe80c167d95575d3"}
,"/secondary-hdd/Proyectos2/Programacion/Backend/rest-api/models/index.js": {"path":"/secondary-hdd/Proyectos2/Programacion/Backend/rest-api/models/index.js","statementMap":{"0":{"start":{"line":1,"column":18},"end":{"line":1,"column":39}},"1":{"start":{"line":3,"column":19},"end":{"line":3,"column":66}},"2":{"start":{"line":5,"column":15},"end":{"line":9,"column":1}},"3":{"start":{"line":11,"column":0},"end":{"line":11,"column":24}}},"fnMap":{},"branchMap":{"0":{"loc":{"start":{"line":3,"column":19},"end":{"line":3,"column":66}},"type":"cond-expr","locations":[{"start":{"line":3,"column":45},"end":{"line":3,"column":54}},{"start":{"line":3,"column":57},"end":{"line":3,"column":66}}],"line":3}},"s":{"0":3,"1":3,"2":3,"3":3},"f":{},"b":{"0":[3,0]},"_coverageSchema":"1a1c01bbd47fc00a2c39e90264f33305004495a9","hash":"220db283fab94aaae7584c408f4514c69064d168"}
,"/secondary-hdd/Proyectos2/Programacion/Backend/rest-api/models/nosql/storage.js": {"path":"/secondary-hdd/Proyectos2/Programacion/Backend/rest-api/models/nosql/storage.js","statementMap":{"0":{"start":{"line":1,"column":17},"end":{"line":1,"column":36}},"1":{"start":{"line":2,"column":23},"end":{"line":2,"column":49}},"2":{"start":{"line":5,"column":22},"end":{"line":21,"column":1}},"3":{"start":{"line":23,"column":0},"end":{"line":25,"column":1}},"4":{"start":{"line":24,"column":4},"end":{"line":24,"column":24}},"5":{"start":{"line":27,"column":0},"end":{"line":29,"column":1}},"6":{"start":{"line":28,"column":4},"end":{"line":28,"column":28}},"7":{"start":{"line":31,"column":0},"end":{"line":33,"column":1}},"8":{"start":{"line":32,"column":4},"end":{"line":32,"column":37}},"9":{"start":{"line":35,"column":0},"end":{"line":39,"column":1}},"10":{"start":{"line":36,"column":4},"end":{"line":38,"column":6}},"11":{"start":{"line":41,"column":0},"end":{"line":41,"column":82}},"12":{"start":{"line":42,"column":0},"end":{"line":42,"column":59}}},"fnMap":{"0":{"name":"(anonymous_0)","decl":{"start":{"line":23,"column":36},"end":{"line":23,"column":37}},"loc":{"start":{"line":23,"column":48},"end":{"line":25,"column":1}},"line":23},"1":{"name":"(anonymous_1)","decl":{"start":{"line":27,"column":36},"end":{"line":27,"column":37}},"loc":{"start":{"line":27,"column":50},"end":{"line":29,"column":1}},"line":27},"2":{"name":"(anonymous_2)","decl":{"start":{"line":31,"column":38},"end":{"line":31,"column":39}},"loc":{"start":{"line":31,"column":52},"end":{"line":33,"column":1}},"line":31},"3":{"name":"(anonymous_3)","decl":{"start":{"line":35,"column":38},"end":{"line":35,"column":39}},"loc":{"start":{"line":35,"column":52},"end":{"line":39,"column":1}},"line":35}},"branchMap":{},"s":{"0":3,"1":3,"2":3,"3":3,"4":1,"5":3,"6":2,"7":3,"8":0,"9":3,"10":1,"11":3,"12":3},"f":{"0":1,"1":2,"2":0,"3":1},"b":{},"_coverageSchema":"1a1c01bbd47fc00a2c39e90264f33305004495a9","hash":"67782fad1a1c330da3eb2db47e15d3bc6fc5c292"}
,"/secondary-hdd/Proyectos2/Programacion/Backend/rest-api/models/nosql/tracks.js": {"path":"/secondary-hdd/Proyectos2/Programacion/Backend/rest-api/models/nosql/tracks.js","statementMap":{"0":{"start":{"line":1,"column":17},"end":{"line":1,"column":36}},"1":{"start":{"line":2,"column":23},"end":{"line":2,"column":49}},"2":{"start":{"line":4,"column":21},"end":{"line":46,"column":1}},"3":{"start":{"line":15,"column":38},"end":{"line":15,"column":49}},"4":{"start":{"line":48,"column":0},"end":{"line":62,"column":1}},"5":{"start":{"line":49,"column":4},"end":{"line":61,"column":6}},"6":{"start":{"line":64,"column":0},"end":{"line":83,"column":1}},"7":{"start":{"line":65,"column":4},"end":{"line":82,"column":6}},"8":{"start":{"line":85,"column":0},"end":{"line":89,"column":1}},"9":{"start":{"line":86,"column":4},"end":{"line":88,"column":6}},"10":{"start":{"line":91,"column":0},"end":{"line":95,"column":1}},"11":{"start":{"line":92,"column":4},"end":{"line":94,"column":12}},"12":{"start":{"line":97,"column":0},"end":{"line":97,"column":81}},"13":{"start":{"line":98,"column":0},"end":{"line":98,"column":56}}},"fnMap":{"0":{"name":"(anonymous_0)","decl":{"start":{"line":15,"column":27},"end":{"line":15,"column":28}},"loc":{"start":{"line":15,"column":36},"end":{"line":15,"column":51}},"line":15},"1":{"name":"(anonymous_1)","decl":{"start":{"line":48,"column":35},"end":{"line":48,"column":36}},"loc":{"start":{"line":48,"column":47},"end":{"line":62,"column":1}},"line":48},"2":{"name":"(anonymous_2)","decl":{"start":{"line":64,"column":35},"end":{"line":64,"column":36}},"loc":{"start":{"line":64,"column":49},"end":{"line":83,"column":1}},"line":64},"3":{"name":"(anonymous_3)","decl":{"start":{"line":85,"column":37},"end":{"line":85,"column":38}},"loc":{"start":{"line":85,"column":51},"end":{"line":89,"column":1}},"line":85},"4":{"name":"(anonymous_4)","decl":{"start":{"line":91,"column":37},"end":{"line":91,"column":38}},"loc":{"start":{"line":91,"column":57},"end":{"line":95,"column":1}},"line":91}},"branchMap":{},"s":{"0":3,"1":3,"2":3,"3":0,"4":3,"5":0,"6":3,"7":0,"8":3,"9":0,"10":3,"11":0,"12":3,"13":3},"f":{"0":0,"1":0,"2":0,"3":0,"4":0},"b":{},"_coverageSchema":"1a1c01bbd47fc00a2c39e90264f33305004495a9","hash":"f76e20d6fc116e22081e12835d785c4c20151218"}
,"/secondary-hdd/Proyectos2/Programacion/Backend/rest-api/models/nosql/user.js": {"path":"/secondary-hdd/Proyectos2/Programacion/Backend/rest-api/models/nosql/user.js","statementMap":{"0":{"start":{"line":1,"column":17},"end":{"line":1,"column":36}},"1":{"start":{"line":2,"column":23},"end":{"line":2,"column":49}},"2":{"start":{"line":5,"column":19},"end":{"line":31,"column":1}},"3":{"start":{"line":40,"column":0},"end":{"line":40,"column":79}},"4":{"start":{"line":41,"column":0},"end":{"line":41,"column":53}}},"fnMap":{},"branchMap":{},"s":{"0":3,"1":3,"2":3,"3":3,"4":3},"f":{},"b":{},"_coverageSchema":"1a1c01bbd47fc00a2c39e90264f33305004495a9","hash":"f826b53a735e86f6683abd2b9a5a35ade8e787cb"}
,"/secondary-hdd/Proyectos2/Programacion/Backend/rest-api/routes/auth.js": {"path":"/secondary-hdd/Proyectos2/Programacion/Backend/rest-api/routes/auth.js","statementMap":{"0":{"start":{"line":1,"column":16},"end":{"line":1,"column":34}},"1":{"start":{"line":2,"column":46},"end":{"line":2,"column":75}},"2":{"start":{"line":3,"column":24},"end":{"line":3,"column":52}},"3":{"start":{"line":4,"column":28},"end":{"line":4,"column":62}},"4":{"start":{"line":5,"column":22},"end":{"line":5,"column":42}},"5":{"start":{"line":6,"column":24},"end":{"line":6,"column":53}},"6":{"start":{"line":7,"column":48},"end":{"line":7,"column":89}},"7":{"start":{"line":8,"column":15},"end":{"line":8,"column":31}},"8":{"start":{"line":29,"column":0},"end":{"line":29,"column":63}},"9":{"start":{"line":50,"column":0},"end":{"line":50,"column":54}},"10":{"start":{"line":51,"column":0},"end":{"line":51,"column":24}}},"fnMap":{},"branchMap":{},"s":{"0":3,"1":3,"2":3,"3":3,"4":3,"5":3,"6":3,"7":3,"8":3,"9":3,"10":3},"f":{},"b":{},"_coverageSchema":"1a1c01bbd47fc00a2c39e90264f33305004495a9","hash":"050b52b0a8e2f28b355e5ece4b9e41cd7117aca9"}
,"/secondary-hdd/Proyectos2/Programacion/Backend/rest-api/routes/index.js": {"path":"/secondary-hdd/Proyectos2/Programacion/Backend/rest-api/routes/index.js","statementMap":{"0":{"start":{"line":1,"column":16},"end":{"line":1,"column":34}},"1":{"start":{"line":2,"column":11},"end":{"line":2,"column":24}},"2":{"start":{"line":3,"column":15},"end":{"line":3,"column":31}},"3":{"start":{"line":5,"column":20},"end":{"line":5,"column":29}},"4":{"start":{"line":7,"column":24},"end":{"line":9,"column":1}},"5":{"start":{"line":8,"column":4},"end":{"line":8,"column":39}},"6":{"start":{"line":11,"column":0},"end":{"line":16,"column":2}},"7":{"start":{"line":12,"column":17},"end":{"line":12,"column":38}},"8":{"start":{"line":13,"column":4},"end":{"line":15,"column":5}},"9":{"start":{"line":14,"column":8},"end":{"line":14,"column":52}},"10":{"start":{"line":18,"column":0},"end":{"line":18,"column":24}}},"fnMap":{"0":{"name":"(anonymous_0)","decl":{"start":{"line":7,"column":24},"end":{"line":7,"column":25}},"loc":{"start":{"line":7,"column":38},"end":{"line":9,"column":1}},"line":7},"1":{"name":"(anonymous_1)","decl":{"start":{"line":11,"column":35},"end":{"line":11,"column":36}},"loc":{"start":{"line":11,"column":43},"end":{"line":16,"column":1}},"line":11}},"branchMap":{"0":{"loc":{"start":{"line":13,"column":4},"end":{"line":15,"column":5}},"type":"if","locations":[{"start":{"line":13,"column":4},"end":{"line":15,"column":5}},{"start":{},"end":{}}],"line":13}},"s":{"0":3,"1":3,"2":3,"3":3,"4":3,"5":12,"6":3,"7":12,"8":12,"9":9,"10":3},"f":{"0":12,"1":12},"b":{"0":[9,3]},"_coverageSchema":"1a1c01bbd47fc00a2c39e90264f33305004495a9","hash":"f1ea7353ed43dcb1238dcc6bf3c72c58719548e3"}
,"/secondary-hdd/Proyectos2/Programacion/Backend/rest-api/routes/storage.js": {"path":"/secondary-hdd/Proyectos2/Programacion/Backend/rest-api/routes/storage.js","statementMap":{"0":{"start":{"line":1,"column":15},"end":{"line":1,"column":33}},"1":{"start":{"line":2,"column":25},"end":{"line":2,"column":58}},"2":{"start":{"line":3,"column":54},"end":{"line":3,"column":98}},"3":{"start":{"line":4,"column":29},"end":{"line":4,"column":61}},"4":{"start":{"line":5,"column":15},"end":{"line":5,"column":31}},"5":{"start":{"line":29,"column":0},"end":{"line":29,"column":26}},"6":{"start":{"line":57,"column":0},"end":{"line":57,"column":46}},"7":{"start":{"line":81,"column":0},"end":{"line":81,"column":52}},"8":{"start":{"line":109,"column":0},"end":{"line":109,"column":64}},"9":{"start":{"line":111,"column":0},"end":{"line":111,"column":24}}},"fnMap":{},"branchMap":{},"s":{"0":3,"1":3,"2":3,"3":3,"4":3,"5":3,"6":3,"7":3,"8":3,"9":3},"f":{},"b":{},"_coverageSchema":"1a1c01bbd47fc00a2c39e90264f33305004495a9","hash":"0045080b124b86decdbe04182d25dfecc1b7ce36"}
,"/secondary-hdd/Proyectos2/Programacion/Backend/rest-api/routes/tracks.js": {"path":"/secondary-hdd/Proyectos2/Programacion/Backend/rest-api/routes/tracks.js","statementMap":{"0":{"start":{"line":1,"column":16},"end":{"line":1,"column":34}},"1":{"start":{"line":2,"column":66},"end":{"line":2,"column":109}},"2":{"start":{"line":3,"column":50},"end":{"line":3,"column":81}},"3":{"start":{"line":4,"column":25},"end":{"line":4,"column":62}},"4":{"start":{"line":5,"column":27},"end":{"line":5,"column":59}},"5":{"start":{"line":6,"column":21},"end":{"line":6,"column":49}},"6":{"start":{"line":7,"column":15},"end":{"line":7,"column":31}},"7":{"start":{"line":31,"column":0},"end":{"line":31,"column":41}},"8":{"start":{"line":60,"column":0},"end":{"line":60,"column":62}},"9":{"start":{"line":84,"column":0},"end":{"line":84,"column":86}},"10":{"start":{"line":114,"column":0},"end":{"line":114,"column":85}},"11":{"start":{"line":138,"column":0},"end":{"line":138,"column":67}},"12":{"start":{"line":139,"column":0},"end":{"line":139,"column":24}}},"fnMap":{},"branchMap":{},"s":{"0":3,"1":3,"2":3,"3":3,"4":3,"5":3,"6":3,"7":3,"8":3,"9":3,"10":3,"11":3,"12":3},"f":{},"b":{},"_coverageSchema":"1a1c01bbd47fc00a2c39e90264f33305004495a9","hash":"f4824b575badfaeef0365165f32dd627d7649e15"}
,"/secondary-hdd/Proyectos2/Programacion/Backend/rest-api/tests/fixtures/authData.js": {"path":"/secondary-hdd/Proyectos2/Programacion/Backend/rest-api/tests/fixtures/authData.js","statementMap":{"0":{"start":{"line":2,"column":22},"end":{"line":5,"column":1}},"1":{"start":{"line":7,"column":25},"end":{"line":11,"column":1}},"2":{"start":{"line":13,"column":30},"end":{"line":18,"column":1}},"3":{"start":{"line":21,"column":0},"end":{"line":25,"column":2}}},"fnMap":{},"branchMap":{},"s":{"0":2,"1":2,"2":2,"3":2},"f":{},"b":{},"_coverageSchema":"1a1c01bbd47fc00a2c39e90264f33305004495a9","hash":"9e2b7f2f5c6ce83d4af2358eb7d6f094a1e87589"}
,"/secondary-hdd/Proyectos2/Programacion/Backend/rest-api/tests/fixtures/storageData.js": {"path":"/secondary-hdd/Proyectos2/Programacion/Backend/rest-api/tests/fixtures/storageData.js","statementMap":{"0":{"start":{"line":2,"column":28},"end":{"line":5,"column":1}},"1":{"start":{"line":8,"column":0},"end":{"line":10,"column":2}}},"fnMap":{},"branchMap":{},"s":{"0":1,"1":1},"f":{},"b":{},"_coverageSchema":"1a1c01bbd47fc00a2c39e90264f33305004495a9","hash":"5af3e91762dd1541c70f2cea4edbf4f7b60d78a8"}
,"/secondary-hdd/Proyectos2/Programacion/Backend/rest-api/utils/handleError.js": {"path":"/secondary-hdd/Proyectos2/Programacion/Backend/rest-api/utils/handleError.js","statementMap":{"0":{"start":{"line":1,"column":24},"end":{"line":3,"column":1}},"1":{"start":{"line":2,"column":4},"end":{"line":2,"column":43}},"2":{"start":{"line":5,"column":0},"end":{"line":5,"column":36}}},"fnMap":{"0":{"name":"(anonymous_0)","decl":{"start":{"line":1,"column":24},"end":{"line":1,"column":25}},"loc":{"start":{"line":1,"column":54},"end":{"line":3,"column":1}},"line":1}},"branchMap":{"0":{"loc":{"start":{"line":1,"column":39},"end":{"line":1,"column":49}},"type":"default-arg","locations":[{"start":{"line":1,"column":46},"end":{"line":1,"column":49}}],"line":1}},"s":{"0":3,"1":2,"2":3},"f":{"0":2},"b":{"0":[0]},"_coverageSchema":"1a1c01bbd47fc00a2c39e90264f33305004495a9","hash":"e3ce102e68824c212d8ec383ca1c7b89bd941e41"}
,"/secondary-hdd/Proyectos2/Programacion/Backend/rest-api/utils/handleJWT.js": {"path":"/secondary-hdd/Proyectos2/Programacion/Backend/rest-api/utils/handleJWT.js","statementMap":{"0":{"start":{"line":1,"column":22},"end":{"line":1,"column":45}},"1":{"start":{"line":2,"column":22},"end":{"line":2,"column":57}},"2":{"start":{"line":3,"column":22},"end":{"line":3,"column":37}},"3":{"start":{"line":10,"column":20},"end":{"line":27,"column":1}},"4":{"start":{"line":11,"column":19},"end":{"line":11,"column":49}},"5":{"start":{"line":12,"column":4},"end":{"line":14,"column":5}},"6":{"start":{"line":13,"column":8},"end":{"line":13,"column":47}},"7":{"start":{"line":16,"column":17},"end":{"line":24,"column":5}},"8":{"start":{"line":26,"column":4},"end":{"line":26,"column":16}},"9":{"start":{"line":29,"column":18},"end":{"line":36,"column":1}},"10":{"start":{"line":30,"column":4},"end":{"line":35,"column":5}},"11":{"start":{"line":31,"column":8},"end":{"line":31,"column":67}},"12":{"start":{"line":33,"column":8},"end":{"line":33,"column":27}},"13":{"start":{"line":34,"column":8},"end":{"line":34,"column":20}},"14":{"start":{"line":38,"column":0},"end":{"line":38,"column":43}}},"fnMap":{"0":{"name":"(anonymous_0)","decl":{"start":{"line":10,"column":20},"end":{"line":10,"column":21}},"loc":{"start":{"line":10,"column":30},"end":{"line":27,"column":1}},"line":10},"1":{"name":"(anonymous_1)","decl":{"start":{"line":29,"column":18},"end":{"line":29,"column":19}},"loc":{"start":{"line":29,"column":29},"end":{"line":36,"column":1}},"line":29}},"branchMap":{"0":{"loc":{"start":{"line":11,"column":19},"end":{"line":11,"column":49}},"type":"binary-expr","locations":[{"start":{"line":11,"column":19},"end":{"line":11,"column":26}},{"start":{"line":11,"column":30},"end":{"line":11,"column":49}}],"line":11},"1":{"loc":{"start":{"line":12,"column":4},"end":{"line":14,"column":5}},"type":"if","locations":[{"start":{"line":12,"column":4},"end":{"line":14,"column":5}},{"start":{},"end":{}}],"line":12}},"s":{"0":3,"1":3,"2":3,"3":3,"4":2,"5":2,"6":0,"7":2,"8":2,"9":3,"10":0,"11":0,"12":0,"13":0,"14":3},"f":{"0":2,"1":0},"b":{"0":[2,0],"1":[0,2]},"_coverageSchema":"1a1c01bbd47fc00a2c39e90264f33305004495a9","hash":"062baf29b749e06060abe89f84a143d38d018ae7"}
,"/secondary-hdd/Proyectos2/Programacion/Backend/rest-api/utils/handleLogger.js": {"path":"/secondary-hdd/Proyectos2/Programacion/Backend/rest-api/utils/handleLogger.js","statementMap":{"0":{"start":{"line":1,"column":15},"end":{"line":1,"column":32}},"1":{"start":{"line":2,"column":0},"end":{"line":2,"column":16}},"2":{"start":{"line":3,"column":21},"end":{"line":3,"column":46}},"3":{"start":{"line":4,"column":16},"end":{"line":4,"column":75}},"4":{"start":{"line":6,"column":21},"end":{"line":10,"column":3}},"5":{"start":{"line":8,"column":6},"end":{"line":8,"column":28}},"6":{"start":{"line":12,"column":2},"end":{"line":12,"column":35}}},"fnMap":{"0":{"name":"(anonymous_0)","decl":{"start":{"line":7,"column":11},"end":{"line":7,"column":12}},"loc":{"start":{"line":7,"column":22},"end":{"line":9,"column":5}},"line":7}},"branchMap":{},"s":{"0":3,"1":3,"2":3,"3":3,"4":3,"5":8,"6":3},"f":{"0":8},"b":{},"_coverageSchema":"1a1c01bbd47fc00a2c39e90264f33305004495a9","hash":"e897c5021bc7451ccc4361fd43942778545c40b6"}
,"/secondary-hdd/Proyectos2/Programacion/Backend/rest-api/utils/handlePassword.js": {"path":"/secondary-hdd/Proyectos2/Programacion/Backend/rest-api/utils/handlePassword.js","statementMap":{"0":{"start":{"line":1,"column":15},"end":{"line":1,"column":34}},"1":{"start":{"line":8,"column":24},"end":{"line":12,"column":1}},"2":{"start":{"line":9,"column":17},"end":{"line":9,"column":41}},"3":{"start":{"line":10,"column":17},"end":{"line":10,"column":50}},"4":{"start":{"line":11,"column":4},"end":{"line":11,"column":16}},"5":{"start":{"line":14,"column":24},"end":{"line":16,"column":1}},"6":{"start":{"line":15,"column":4},"end":{"line":15,"column":60}},"7":{"start":{"line":18,"column":0},"end":{"line":18,"column":53}}},"fnMap":{"0":{"name":"(anonymous_0)","decl":{"start":{"line":8,"column":24},"end":{"line":8,"column":25}},"loc":{"start":{"line":8,"column":44},"end":{"line":12,"column":1}},"line":8},"1":{"name":"(anonymous_1)","decl":{"start":{"line":14,"column":24},"end":{"line":14,"column":25}},"loc":{"start":{"line":14,"column":62},"end":{"line":16,"column":1}},"line":14}},"branchMap":{},"s":{"0":3,"1":3,"2":1,"3":1,"4":1,"5":3,"6":2,"7":3},"f":{"0":1,"1":2},"b":{},"_coverageSchema":"1a1c01bbd47fc00a2c39e90264f33305004495a9","hash":"506e791d92bec0eeaedb9431f6e5497d517df78d"}
,"/secondary-hdd/Proyectos2/Programacion/Backend/rest-api/utils/handlePropertiesEngine.js": {"path":"/secondary-hdd/Proyectos2/Programacion/Backend/rest-api/utils/handlePropertiesEngine.js","statementMap":{"0":{"start":{"line":1,"column":18},"end":{"line":1,"column":39}},"1":{"start":{"line":3,"column":22},"end":{"line":14,"column":1}},"2":{"start":{"line":4,"column":17},"end":{"line":11,"column":5}},"3":{"start":{"line":13,"column":4},"end":{"line":13,"column":27}},"4":{"start":{"line":16,"column":0},"end":{"line":16,"column":31}}},"fnMap":{"0":{"name":"(anonymous_0)","decl":{"start":{"line":3,"column":22},"end":{"line":3,"column":23}},"loc":{"start":{"line":3,"column":28},"end":{"line":14,"column":1}},"line":3}},"branchMap":{},"s":{"0":3,"1":3,"2":6,"3":6,"4":3},"f":{"0":6},"b":{},"_coverageSchema":"1a1c01bbd47fc00a2c39e90264f33305004495a9","hash":"df421905d1cad0f123fc31c9ce75b23b9aa4097f"}
,"/secondary-hdd/Proyectos2/Programacion/Backend/rest-api/utils/handleStorage.js": {"path":"/secondary-hdd/Proyectos2/Programacion/Backend/rest-api/utils/handleStorage.js","statementMap":{"0":{"start":{"line":1,"column":15},"end":{"line":1,"column":32}},"1":{"start":{"line":3,"column":16},"end":{"line":10,"column":2}},"2":{"start":{"line":5,"column":8},"end":{"line":5,"column":45}},"3":{"start":{"line":8,"column":8},"end":{"line":8,"column":54}},"4":{"start":{"line":12,"column":25},"end":{"line":12,"column":42}},"5":{"start":{"line":14,"column":0},"end":{"line":14,"column":34}}},"fnMap":{"0":{"name":"(anonymous_0)","decl":{"start":{"line":4,"column":17},"end":{"line":4,"column":18}},"loc":{"start":{"line":4,"column":46},"end":{"line":6,"column":5}},"line":4},"1":{"name":"(anonymous_1)","decl":{"start":{"line":7,"column":14},"end":{"line":7,"column":15}},"loc":{"start":{"line":7,"column":37},"end":{"line":9,"column":5}},"line":7}},"branchMap":{},"s":{"0":3,"1":3,"2":1,"3":1,"4":3,"5":3},"f":{"0":1,"1":1},"b":{},"_coverageSchema":"1a1c01bbd47fc00a2c39e90264f33305004495a9","hash":"07b1764b2dd97d6e4f32ceb99f67065a2a238370"}
,"/secondary-hdd/Proyectos2/Programacion/Backend/rest-api/utils/handleValidator.js": {"path":"/secondary-hdd/Proyectos2/Programacion/Backend/rest-api/utils/handleValidator.js","statementMap":{"0":{"start":{"line":1,"column":29},"end":{"line":1,"column":57}},"1":{"start":{"line":3,"column":24},"end":{"line":11,"column":1}},"2":{"start":{"line":4,"column":4},"end":{"line":10,"column":5}},"3":{"start":{"line":5,"column":8},"end":{"line":5,"column":38}},"4":{"start":{"line":6,"column":8},"end":{"line":6,"column":15}},"5":{"start":{"line":8,"column":8},"end":{"line":8,"column":24}},"6":{"start":{"line":9,"column":8},"end":{"line":9,"column":41}},"7":{"start":{"line":13,"column":0},"end":{"line":13,"column":35}}},"fnMap":{"0":{"name":"(anonymous_0)","decl":{"start":{"line":3,"column":24},"end":{"line":3,"column":25}},"loc":{"start":{"line":3,"column":44},"end":{"line":11,"column":1}},"line":3}},"branchMap":{},"s":{"0":3,"1":3,"2":6,"3":6,"4":6,"5":0,"6":0,"7":3},"f":{"0":6},"b":{},"_coverageSchema":"1a1c01bbd47fc00a2c39e90264f33305004495a9","hash":"fab3536397ea6592368b236db9729ac8e6412117"}
,"/secondary-hdd/Proyectos2/Programacion/Backend/rest-api/validators/auth.js": {"path":"/secondary-hdd/Proyectos2/Programacion/Backend/rest-api/validators/auth.js","statementMap":{"0":{"start":{"line":1,"column":18},"end":{"line":1,"column":46}},"1":{"start":{"line":2,"column":28},"end":{"line":2,"column":63}},"2":{"start":{"line":3,"column":45},"end":{"line":3,"column":79}},"3":{"start":{"line":5,"column":26},"end":{"line":10,"column":1}},"4":{"start":{"line":12,"column":23},"end":{"line":16,"column":1}},"5":{"start":{"line":18,"column":0},"end":{"line":18,"column":57}}},"fnMap":{},"branchMap":{},"s":{"0":3,"1":3,"2":3,"3":3,"4":3,"5":3},"f":{},"b":{},"_coverageSchema":"1a1c01bbd47fc00a2c39e90264f33305004495a9","hash":"878e2eeb6e6dd31c3242b00815473b27b45d52ff"}
,"/secondary-hdd/Proyectos2/Programacion/Backend/rest-api/validators/storage.js": {"path":"/secondary-hdd/Proyectos2/Programacion/Backend/rest-api/validators/storage.js","statementMap":{"0":{"start":{"line":1,"column":18},"end":{"line":1,"column":46}},"1":{"start":{"line":2,"column":28},"end":{"line":2,"column":63}},"2":{"start":{"line":4,"column":25},"end":{"line":7,"column":1}},"3":{"start":{"line":9,"column":0},"end":{"line":9,"column":37}}},"fnMap":{},"branchMap":{},"s":{"0":3,"1":3,"2":3,"3":3},"f":{},"b":{},"_coverageSchema":"1a1c01bbd47fc00a2c39e90264f33305004495a9","hash":"8139325d613f085a07e5d45cd75c0e8cbbb9a10b"}
,"/secondary-hdd/Proyectos2/Programacion/Backend/rest-api/validators/tracks.js": {"path":"/secondary-hdd/Proyectos2/Programacion/Backend/rest-api/validators/tracks.js","statementMap":{"0":{"start":{"line":1,"column":18},"end":{"line":1,"column":46}},"1":{"start":{"line":2,"column":28},"end":{"line":2,"column":63}},"2":{"start":{"line":3,"column":18},"end":{"line":3,"column":39}},"3":{"start":{"line":5,"column":28},"end":{"line":28,"column":1}},"4":{"start":{"line":30,"column":25},"end":{"line":33,"column":1}},"5":{"start":{"line":35,"column":0},"end":{"line":35,"column":56}}},"fnMap":{},"branchMap":{"0":{"loc":{"start":{"line":5,"column":28},"end":{"line":28,"column":1}},"type":"cond-expr","locations":[{"start":{"line":5,"column":54},"end":{"line":17,"column":1}},{"start":{"line":17,"column":4},"end":{"line":28,"column":1}}],"line":5}},"s":{"0":3,"1":3,"2":3,"3":3,"4":3,"5":3},"f":{},"b":{"0":[3,0]},"_coverageSchema":"1a1c01bbd47fc00a2c39e90264f33305004495a9","hash":"c46ceaae5193030db8b94602cbdf0e4dcfd7d442"}
}
