TN:
SF:app.js
FN:24,(anonymous_0)
FN:36,(anonymous_1)
FNF:2
FNH:1
FNDA:32,(anonymous_0)
FNDA:0,(anonymous_1)
DA:1,3
DA:2,3
DA:3,3
DA:4,3
DA:5,3
DA:6,3
DA:7,3
DA:8,3
DA:9,3
DA:10,3
DA:13,3
DA:14,3
DA:16,3
DA:17,3
DA:19,3
DA:20,3
DA:21,3
DA:24,32
DA:27,3
DA:30,3
DA:33,3
DA:35,3
DA:36,0
DA:37,0
DA:41,3
LF:25
LH:23
BRDA:14,0,0,3
BRDA:14,0,1,0
BRDA:17,1,0,3
BRDA:17,1,1,0
BRDA:27,2,0,3
BRDA:27,2,1,0
BRDA:35,3,0,0
BRDA:35,3,1,3
BRF:8
BRH:4
end_of_record
TN:
SF:config/mongo.js
FN:5,(anonymous_0)
FNF:1
FNH:1
FNDA:3,(anonymous_0)
DA:1,3
DA:3,3
DA:5,3
DA:6,3
DA:7,3
DA:8,3
DA:10,0
DA:14,3
LF:8
LH:7
BRDA:7,0,0,3
BRDA:7,0,1,0
BRF:2
BRH:1
end_of_record
TN:
SF:config/mysql.js
FN:14,(anonymous_0)
FNF:1
FNH:0
FNDA:0,(anonymous_0)
DA:1,3
DA:2,3
DA:4,3
DA:5,3
DA:6,3
DA:7,3
DA:9,3
DA:14,3
DA:15,0
DA:16,0
DA:17,0
DA:19,0
DA:23,3
LF:13
LH:9
BRDA:4,0,0,3
BRDA:4,0,1,0
BRF:2
BRH:1
end_of_record
TN:
SF:controllers/auth.controller.js
FN:13,(anonymous_0)
FN:32,(anonymous_1)
FNF:2
FNH:2
FNDA:1,(anonymous_0)
FNDA:3,(anonymous_1)
DA:1,3
DA:2,3
DA:3,3
DA:4,3
DA:5,3
DA:13,3
DA:14,1
DA:15,1
DA:16,1
DA:17,1
DA:18,1
DA:19,1
DA:20,1
DA:24,1
DA:25,1
DA:27,0
DA:28,0
DA:32,3
DA:33,3
DA:34,3
DA:35,3
DA:36,3
DA:37,1
DA:38,1
DA:41,2
DA:42,2
DA:43,2
DA:44,1
DA:45,1
DA:48,1
DA:50,1
DA:55,1
DA:56,1
DA:59,0
DA:60,0
DA:65,3
LF:36
LH:32
BRDA:36,0,0,1
BRDA:36,0,1,2
BRDA:43,1,0,1
BRDA:43,1,1,1
BRF:4
BRH:4
end_of_record
TN:
SF:controllers/storage.controller.js
FN:8,(anonymous_0)
FN:18,(anonymous_1)
FN:29,(anonymous_2)
FN:45,(anonymous_3)
FN:49,(anonymous_4)
FNF:5
FNH:4
FNDA:1,(anonymous_0)
FNDA:1,(anonymous_1)
FNDA:1,(anonymous_2)
FNDA:0,(anonymous_3)
FNDA:1,(anonymous_4)
DA:1,3
DA:2,3
DA:3,3
DA:5,3
DA:6,3
DA:8,3
DA:9,1
DA:10,1
DA:11,1
DA:13,0
DA:14,0
DA:18,3
DA:19,1
DA:20,1
DA:21,1
DA:22,1
DA:24,0
DA:25,0
DA:29,3
DA:30,1
DA:31,1
DA:32,1
DA:36,1
DA:37,1
DA:38,1
DA:40,0
DA:41,0
DA:45,3
DA:49,3
DA:50,1
DA:51,1
DA:54,1
DA:56,1
DA:57,0
DA:61,1
DA:62,1
DA:63,1
DA:65,1
DA:70,1
DA:76,0
DA:77,0
DA:81,3
LF:42
LH:33
BRDA:56,0,0,0
BRDA:56,0,1,1
BRF:2
BRH:1
end_of_record
TN:
SF:controllers/tracks.controller.js
FN:6,(anonymous_0)
FN:17,(anonymous_1)
FN:30,(anonymous_2)
FN:44,(anonymous_3)
FN:89,(anonymous_4)
FNF:5
FNH:0
FNDA:0,(anonymous_0)
FNDA:0,(anonymous_1)
FNDA:0,(anonymous_2)
FNDA:0,(anonymous_3)
FNDA:0,(anonymous_4)
DA:1,3
DA:2,3
DA:3,3
DA:4,3
DA:6,3
DA:7,0
DA:8,0
DA:9,0
DA:10,0
DA:12,0
DA:13,0
DA:17,3
DA:18,0
DA:19,0
DA:20,0
DA:21,0
DA:22,0
DA:25,0
DA:26,0
DA:30,3
DA:31,0
DA:32,0
DA:33,0
DA:35,0
DA:36,0
DA:37,0
DA:39,0
DA:40,0
DA:44,3
DA:45,0
DA:46,0
DA:47,0
DA:48,0
DA:49,0
DA:51,0
DA:53,0
DA:54,0
DA:56,0
DA:57,0
DA:89,3
DA:90,0
DA:91,0
DA:94,0
DA:95,0
DA:96,0
DA:98,0
DA:100,0
DA:102,0
DA:103,0
DA:107,3
LF:50
LH:10
BRDA:48,0,0,0
BRDA:48,0,1,0
BRDA:95,1,0,0
BRDA:95,1,1,0
BRF:4
BRH:0
end_of_record
TN:
SF:docs/swagger.js
FNF:0
FNH:0
DA:1,3
DA:3,3
DA:84,3
DA:86,3
LF:4
LH:4
BRF:0
BRH:0
end_of_record
TN:
SF:middleware/customHeader.js
FN:1,(anonymous_0)
FNF:1
FNH:0
FNDA:0,(anonymous_0)
DA:1,3
DA:2,0
DA:3,0
DA:4,0
DA:5,0
DA:7,0
DA:10,0
DA:11,0
DA:15,3
LF:9
LH:2
BRDA:4,0,0,0
BRDA:4,0,1,0
BRF:2
BRH:0
end_of_record
TN:
SF:middleware/rol.js
FN:3,(anonymous_0)
FN:3,(anonymous_1)
FNF:2
FNH:1
FNDA:3,(anonymous_0)
FNDA:0,(anonymous_1)
DA:1,3
DA:3,3
DA:4,0
DA:5,0
DA:6,0
DA:8,0
DA:10,0
DA:11,0
DA:12,0
DA:14,0
DA:16,0
DA:19,3
LF:12
LH:3
BRDA:10,0,0,0
BRDA:10,0,1,0
BRF:2
BRH:0
end_of_record
TN:
SF:middleware/session.js
FN:8,(anonymous_0)
FNF:1
FNH:0
FNDA:0,(anonymous_0)
DA:1,3
DA:2,3
DA:3,3
DA:4,3
DA:5,3
DA:6,3
DA:8,3
DA:9,0
DA:10,0
DA:11,0
DA:12,0
DA:15,0
DA:16,0
DA:18,0
DA:19,0
DA:20,0
DA:23,0
DA:28,0
DA:31,0
DA:32,0
DA:34,0
DA:36,0
DA:39,0
DA:41,0
DA:46,3
LF:25
LH:8
BRDA:10,0,0,0
BRDA:10,0,1,0
BRDA:18,1,0,0
BRDA:18,1,1,0
BRDA:31,2,0,0
BRDA:31,2,1,0
BRDA:31,3,0,0
BRDA:31,3,1,0
BRDA:32,4,0,0
BRDA:32,4,1,0
BRF:10
BRH:0
end_of_record
TN:
SF:models/index.js
FNF:0
FNH:0
DA:1,3
DA:3,3
DA:5,3
DA:11,3
LF:4
LH:4
BRDA:3,0,0,3
BRDA:3,0,1,0
BRF:2
BRH:1
end_of_record
TN:
SF:models/nosql/storage.js
FN:23,(anonymous_0)
FN:27,(anonymous_1)
FN:31,(anonymous_2)
FN:35,(anonymous_3)
FNF:4
FNH:3
FNDA:1,(anonymous_0)
FNDA:2,(anonymous_1)
FNDA:0,(anonymous_2)
FNDA:1,(anonymous_3)
DA:1,3
DA:2,3
DA:5,3
DA:23,3
DA:24,1
DA:27,3
DA:28,2
DA:31,3
DA:32,0
DA:35,3
DA:36,1
DA:41,3
DA:42,3
LF:13
LH:12
BRF:0
BRH:0
end_of_record
TN:
SF:models/nosql/tracks.js
FN:15,(anonymous_0)
FN:48,(anonymous_1)
FN:64,(anonymous_2)
FN:85,(anonymous_3)
FN:91,(anonymous_4)
FNF:5
FNH:0
FNDA:0,(anonymous_0)
FNDA:0,(anonymous_1)
FNDA:0,(anonymous_2)
FNDA:0,(anonymous_3)
FNDA:0,(anonymous_4)
DA:1,3
DA:2,3
DA:4,3
DA:15,0
DA:48,3
DA:49,0
DA:64,3
DA:65,0
DA:85,3
DA:86,0
DA:91,3
DA:92,0
DA:97,3
DA:98,3
LF:14
LH:9
BRF:0
BRH:0
end_of_record
TN:
SF:models/nosql/user.js
FNF:0
FNH:0
DA:1,3
DA:2,3
DA:5,3
DA:40,3
DA:41,3
LF:5
LH:5
BRF:0
BRH:0
end_of_record
TN:
SF:routes/auth.js
FNF:0
FNH:0
DA:1,3
DA:2,3
DA:3,3
DA:4,3
DA:5,3
DA:6,3
DA:7,3
DA:8,3
DA:29,3
DA:50,3
DA:51,3
LF:11
LH:11
BRF:0
BRH:0
end_of_record
TN:
SF:routes/index.js
FN:7,(anonymous_0)
FN:11,(anonymous_1)
FNF:2
FNH:2
FNDA:12,(anonymous_0)
FNDA:12,(anonymous_1)
DA:1,3
DA:2,3
DA:3,3
DA:5,3
DA:7,3
DA:8,12
DA:11,3
DA:12,12
DA:13,12
DA:14,9
DA:18,3
LF:11
LH:11
BRDA:13,0,0,9
BRDA:13,0,1,3
BRF:2
BRH:2
end_of_record
TN:
SF:routes/storage.js
FNF:0
FNH:0
DA:1,3
DA:2,3
DA:3,3
DA:4,3
DA:5,3
DA:29,3
DA:57,3
DA:81,3
DA:109,3
DA:111,3
LF:10
LH:10
BRF:0
BRH:0
end_of_record
TN:
SF:routes/tracks.js
FNF:0
FNH:0
DA:1,3
DA:2,3
DA:3,3
DA:4,3
DA:5,3
DA:6,3
DA:7,3
DA:31,3
DA:60,3
DA:84,3
DA:114,3
DA:138,3
DA:139,3
LF:13
LH:13
BRF:0
BRH:0
end_of_record
TN:
SF:tests/fixtures/authData.js
FNF:0
FNH:0
DA:2,2
DA:7,2
DA:13,2
DA:21,2
LF:4
LH:4
BRF:0
BRH:0
end_of_record
TN:
SF:tests/fixtures/storageData.js
FNF:0
FNH:0
DA:2,1
DA:8,1
LF:2
LH:2
BRF:0
BRH:0
end_of_record
TN:
SF:utils/handleError.js
FN:1,(anonymous_0)
FNF:1
FNH:1
FNDA:2,(anonymous_0)
DA:1,3
DA:2,2
DA:5,3
LF:3
LH:3
BRDA:1,0,0,0
BRF:1
BRH:0
end_of_record
TN:
SF:utils/handleJWT.js
FN:10,(anonymous_0)
FN:29,(anonymous_1)
FNF:2
FNH:1
FNDA:2,(anonymous_0)
FNDA:0,(anonymous_1)
DA:1,3
DA:2,3
DA:3,3
DA:10,3
DA:11,2
DA:12,2
DA:13,0
DA:16,2
DA:26,2
DA:29,3
DA:30,0
DA:31,0
DA:33,0
DA:34,0
DA:38,3
LF:15
LH:10
BRDA:11,0,0,2
BRDA:11,0,1,0
BRDA:12,1,0,0
BRDA:12,1,1,2
BRF:4
BRH:2
end_of_record
TN:
SF:utils/handleLogger.js
FN:7,(anonymous_0)
FNF:1
FNH:1
FNDA:8,(anonymous_0)
DA:1,3
DA:2,3
DA:3,3
DA:4,3
DA:6,3
DA:8,8
DA:12,3
LF:7
LH:7
BRF:0
BRH:0
end_of_record
TN:
SF:utils/handlePassword.js
FN:8,(anonymous_0)
FN:14,(anonymous_1)
FNF:2
FNH:2
FNDA:1,(anonymous_0)
FNDA:2,(anonymous_1)
DA:1,3
DA:8,3
DA:9,1
DA:10,1
DA:11,1
DA:14,3
DA:15,2
DA:18,3
LF:8
LH:8
BRF:0
BRH:0
end_of_record
TN:
SF:utils/handlePropertiesEngine.js
FN:3,(anonymous_0)
FNF:1
FNH:1
FNDA:6,(anonymous_0)
DA:1,3
DA:3,3
DA:4,6
DA:13,6
DA:16,3
LF:5
LH:5
BRF:0
BRH:0
end_of_record
TN:
SF:utils/handleStorage.js
FN:4,(anonymous_0)
FN:7,(anonymous_1)
FNF:2
FNH:2
FNDA:1,(anonymous_0)
FNDA:1,(anonymous_1)
DA:1,3
DA:3,3
DA:5,1
DA:8,1
DA:12,3
DA:14,3
LF:6
LH:6
BRF:0
BRH:0
end_of_record
TN:
SF:utils/handleValidator.js
FN:3,(anonymous_0)
FNF:1
FNH:1
FNDA:6,(anonymous_0)
DA:1,3
DA:3,3
DA:4,6
DA:5,6
DA:6,6
DA:8,0
DA:9,0
DA:13,3
LF:8
LH:6
BRF:0
BRH:0
end_of_record
TN:
SF:validators/auth.js
FNF:0
FNH:0
DA:1,3
DA:2,3
DA:3,3
DA:5,3
DA:12,3
DA:18,3
LF:6
LH:6
BRF:0
BRH:0
end_of_record
TN:
SF:validators/storage.js
FNF:0
FNH:0
DA:1,3
DA:2,3
DA:4,3
DA:9,3
LF:4
LH:4
BRF:0
BRH:0
end_of_record
TN:
SF:validators/tracks.js
FNF:0
FNH:0
DA:1,3
DA:2,3
DA:3,3
DA:5,3
DA:30,3
DA:35,3
LF:6
LH:6
BRDA:5,0,0,3
BRDA:5,0,1,0
BRF:2
BRH:1
end_of_record
